[35m[1mScanning dependencies of target cnpy_src[0m
[ 10%] [34m[1mCreating directories for 'cnpy_src'[0m
[ 20%] [34m[1mPerforming download step (download, verify and extract) for 'cnpy_src'[0m
-- Downloading...
   dst='/home/jiamin/emvs_ws/build/cnpy_catkin/cnpy_src-prefix/src/4e8810b1a8637695171ed346ce68f6984e585ef4.zip'
   timeout='none'
-- Using src='https://github.com/rogersce/cnpy/archive/4e8810b1a8637695171ed346ce68f6984e585ef4.zip'
-- verifying file...
       file='/home/jiamin/emvs_ws/build/cnpy_catkin/cnpy_src-prefix/src/4e8810b1a8637695171ed346ce68f6984e585ef4.zip'
-- Downloading... done
-- extracting...
     src='/home/jiamin/emvs_ws/build/cnpy_catkin/cnpy_src-prefix/src/4e8810b1a8637695171ed346ce68f6984e585ef4.zip'
     dst='/home/jiamin/emvs_ws/build/cnpy_catkin/cnpy_src-prefix/src/cnpy_src'
-- extracting... [tar xfz]
-- extracting... [analysis]
-- extracting... [rename]
-- extracting... [clean up]
-- extracting... done
[ 30%] [34m[1mNo patch step for 'cnpy_src'[0m
[ 40%] [34m[1mNo update step for 'cnpy_src'[0m
[ 50%] [34m[1mPerforming configure step for 'cnpy_src'[0m
-- The C compiler identification is GNU 9.4.0
-- The CXX compiler identification is GNU 9.4.0
-- Check for working C compiler: /usr/bin/cc
-- Check for working C compiler: /usr/bin/cc -- works
-- Detecting C compiler ABI info
-- Detecting C compiler ABI info - done
-- Detecting C compile features
-- Detecting C compile features - done
-- Check for working CXX compiler: /usr/bin/c++
-- Check for working CXX compiler: /usr/bin/c++ -- works
-- Detecting CXX compiler ABI info
-- Detecting CXX compiler ABI info - done
-- Detecting CXX compile features
-- Detecting CXX compile features - done
-- Found ZLIB: /usr/lib/x86_64-linux-gnu/libz.so (found version "1.2.11") 
-- Configuring done
-- Generating done
-- Build files have been written to: /home/jiamin/emvs_ws/build/cnpy_catkin/cnpy_src-prefix/src/cnpy_src
[ 60%] [34m[1mPerforming build step for 'cnpy_src'[0m
make[3]: warning: jobserver unavailable: using -j1.  Add '+' to parent make rule.
[35m[1mScanning dependencies of target cnpy[0m
[ 16%] [32mBuilding CXX object CMakeFiles/cnpy.dir/cnpy.cpp.o[0m
[ 33%] [32m[1mLinking CXX shared library libcnpy.so[0m
[ 33%] Built target cnpy
[35m[1mScanning dependencies of target example1[0m
[ 50%] [32mBuilding CXX object CMakeFiles/example1.dir/example1.cpp.o[0m
[ 66%] [32m[1mLinking CXX executable example1[0m
[ 66%] Built target example1
[35m[1mScanning dependencies of target cnpy-static[0m
[ 83%] [32mBuilding CXX object CMakeFiles/cnpy-static.dir/cnpy.cpp.o[0m
[100%] [32m[1mLinking CXX static library libcnpy.a[0m
[100%] Built target cnpy-static
[ 70%] [34m[1mPerforming install step for 'cnpy_src'[0m
make[3]: warning: jobserver unavailable: using -j1.  Add '+' to parent make rule.
[ 33%] Built target cnpy
[ 66%] Built target example1
[100%] Built target cnpy-static
[36mInstall the project...[0m
-- Install configuration: ""
-- Installing: /home/jiamin/emvs_ws/devel/lib/libcnpy.so
-- Installing: /home/jiamin/emvs_ws/devel/lib/libcnpy.a
-- Installing: /home/jiamin/emvs_ws/devel/include/cnpy.h
-- Installing: /home/jiamin/emvs_ws/devel/bin/mat2npz
-- Installing: /home/jiamin/emvs_ws/devel/bin/npy2mat
-- Installing: /home/jiamin/emvs_ws/devel/bin/npz2mat
[ 80%] [34m[1mCompleted 'cnpy_src'[0m
[ 80%] Built target cnpy_src
[35m[1mScanning dependencies of target cnpy_catkin[0m
[ 90%] [32mBuilding CXX object CMakeFiles/cnpy_catkin.dir/src/dependency_tracker.cc.o[0m
[100%] [32m[1mLinking CXX shared library /home/jiamin/emvs_ws/devel/lib/libcnpy_catkin.so[0m
[100%] Built target cnpy_catkin
